{"level":"info","msg":"hello","time":"2024-12-21 00:59:54"}
{"level":"info","msg":"hello","time":"2024-12-21 01:00:38"}
{"level":"info","msg":"app run","time":"2024-12-21 12:50:32"}
{"level":"info","msg":"app run","time":"2024-12-21 12:52:24"}
{"level":"info","msg":"app run","time":"2024-12-21 12:59:00"}
{"level":"info","msg":"app run","time":"2024-12-21 13:00:31"}
{"level":"info","msg":"app run","time":"2024-12-21 13:07:47"}
{"level":"info","msg":"app run","time":"2024-12-21 13:10:34"}
{"level":"info","msg":"app run","time":"2024-12-21 13:11:14"}
{"level":"info","msg":"app run","time":"2024-12-21 13:13:03"}
{"level":"fatal","msg":"listen err=listen tcp 127.0.0.1:8088: bind: Only one usage of each socket address (protocol/network address/port) is normally permitted.","time":"2024-12-21 13:13:03"}
{"level":"info","msg":"app run","time":"2024-12-21 13:15:30"}
{"level":"info","msg":"app run","time":"2024-12-21 13:15:47"}
{"level":"info","msg":"app run","time":"2024-12-21 13:15:58"}
{"level":"error","msg":"sendMessage failed, go:process for1{}, err = write tcp 127.0.0.1:8088-\u003e127.0.0.1:57816: wsasend: An existing connection was forcibly closed by the remote host.","time":"2024-12-21 13:17:33"}
{"level":"info","msg":"app run","time":"2024-12-21 13:28:01"}
{"level":"info","msg":"app run","time":"2024-12-21 13:33:10"}
{"level":"info","msg":"app run","time":"2024-12-21 13:34:32"}
{"level":"info","msg":"app run","time":"2024-12-21 13:35:09"}
{"level":"info","msg":"app run","time":"2024-12-21 13:37:53"}
{"level":"info","msg":"app run","time":"2024-12-21 13:39:29"}
{"level":"info","msg":"app run","time":"2024-12-21 13:42:18"}
{"level":"info","msg":"app run","time":"2024-12-21 13:42:27"}
{"level":"info","msg":"app run","time":"2024-12-21 13:42:33"}
{"level":"info","msg":"app run","time":"2024-12-21 13:44:00"}
{"level":"info","msg":"app run","time":"2024-12-21 13:45:25"}
{"level":"info","msg":"app run","time":"2024-12-21 13:49:39"}
{"level":"info","msg":"app run","time":"2024-12-21 13:50:32"}
{"level":"info","msg":"app run","time":"2024-12-21 13:51:08"}
{"level":"info","msg":"app run","time":"2024-12-21 13:51:37"}
{"level":"info","msg":"app run","time":"2024-12-21 13:54:43"}
{"level":"info","msg":"app run","time":"2025-01-15 19:52:52"}
{"level":"info","msg":"app run","time":"2025-01-15 20:00:06"}
{"level":"info","msg":"app run???????????","time":"2025-01-15 21:31:03"}
{"level":"info","msg":"app run","time":"2025-01-15 21:47:12"}
{"level":"info","msg":"app run","time":"2025-01-15 21:48:03"}
{"level":"info","msg":"app run","time":"2025-01-15 21:49:49"}
{"level":"info","msg":"app run","time":"2025-01-15 21:50:08"}
{"level":"error","msg":"heart timeOut:127.0.0.1:61657","time":"2025-01-16 07:52:50"}
